# JRE version: OpenJDK Runtime Environment Temurin-21.0.9+10 (21.0.9+10) (build 21.0.9+10-LTS)
# Java VM: OpenJDK 64-Bit Server VM Temurin-21.0.9+10 (21.0.9+10-LTS, mixed mode, sharing, tiered, compressed oops, compressed class ptrs, parallel gc, windows-amd64)
GC Precious Log:
 CardTable entry size: 512
 CPUs: 6 total, 6 available
 Memory: 16165M
 Large Page Support: Disabled
 NUMA Support: Disabled
 Compressed Oops: Enabled (32-bit)
 Alignments: Space 512K, Generation 512K, Heap 2M
 Heap Min Capacity: 100M
 Heap Initial Capacity: 100M
 Heap Max Capacity: 2G
 Pre-touch: Disabled
 Parallel Workers: 6
Heap:
 PSYoungGen      total 6144K, used 1860K [0x00000000d5580000, 0x00000000d5d80000, 0x0000000100000000)
  eden space 5632K, 28% used [0x00000000d5580000,0x00000000d57113c8,0x00000000d5b00000)
  from space 512K, 50% used [0x00000000d5d00000,0x00000000d5d40000,0x00000000d5d80000)
  to   space 512K, 0% used [0x00000000d5c80000,0x00000000d5c80000,0x00000000d5d00000)
 ParOldGen       total 174080K, used 173708K [0x0000000080000000, 0x000000008aa00000, 0x00000000d5580000)
  object space 174080K, 99% used [0x0000000080000000,0x000000008a9a32a8,0x000000008aa00000)
 Metaspace       used 105258K, committed 106944K, reserved 1179648K
  class space    used 10622K, committed 11392K, reserved 1048576K
GC Heap History (20 events):
Event: 15546.800 GC heap before
{Heap before GC invocations=5146 (full 9):
 PSYoungGen      total 6656K, used 6400K [0x00000000d5580000, 0x00000000d5f80000, 0x0000000100000000)
  eden space 5632K, 100% used [0x00000000d5580000,0x00000000d5b00000,0x00000000d5b00000)
  from space 1024K, 75% used [0x00000000d5e80000,0x00000000d5f40000,0x00000000d5f80000)
  to   space 1536K, 0% used [0x00000000d5c80000,0x00000000d5c80000,0x00000000d5e00000)
 ParOldGen       total 137216K, used 136899K [0x0000000080000000, 0x0000000088600000, 0x00000000d5580000)
  object space 137216K, 99% used [0x0000000080000000,0x00000000885b0f88,0x0000000088600000)
 Metaspace       used 105240K, committed 106944K, reserved 1179648K
  class space    used 10621K, committed 11392K, reserved 1048576K
}
Event: 15546.802 GC heap after
{Heap after GC invocations=5146 (full 9):
 PSYoungGen      total 7168K, used 1056K [0x00000000d5580000, 0x00000000d5f00000, 0x0000000100000000)
  eden space 5632K, 0% used [0x00000000d5580000,0x00000000d5580000,0x00000000d5b00000)
  from space 1536K, 68% used [0x00000000d5c80000,0x00000000d5d88000,0x00000000d5e00000)
  to   space 1024K, 0% used [0x00000000d5e00000,0x00000000d5e00000,0x00000000d5f00000)
 ParOldGen       total 137728K, used 137507K [0x0000000080000000, 0x0000000088680000, 0x00000000d5580000)
  object space 137728K, 99% used [0x0000000080000000,0x0000000088648fa8,0x0000000088680000)
 Metaspace       used 105240K, committed 106944K, reserved 1179648K
  class space    used 10621K, committed 11392K, reserved 1048576K
}
Event: 15547.283 GC heap before
{Heap before GC invocations=5147 (full 9):
 PSYoungGen      total 7168K, used 6688K [0x00000000d5580000, 0x00000000d5f00000, 0x0000000100000000)
  eden space 5632K, 100% used [0x00000000d5580000,0x00000000d5b00000,0x00000000d5b00000)
  from space 1536K, 68% used [0x00000000d5c80000,0x00000000d5d88000,0x00000000d5e00000)
  to   space 1024K, 0% used [0x00000000d5e00000,0x00000000d5e00000,0x00000000d5f00000)
 ParOldGen       total 169472K, used 168227K [0x0000000080000000, 0x000000008a580000, 0x00000000d5580000)
  object space 169472K, 99% used [0x0000000080000000,0x000000008a448fd8,0x000000008a580000)
 Metaspace       used 105240K, committed 106944K, reserved 1179648K
  class space    used 10621K, committed 11392K, reserved 1048576K
}
Event: 15547.287 GC heap after
{Heap after GC invocations=5147 (full 9):
 PSYoungGen      total 6656K, used 548K [0x00000000d5580000, 0x00000000d5f00000, 0x0000000100000000)
  eden space 5632K, 0% used [0x00000000d5580000,0x00000000d5580000,0x00000000d5b00000)
  from space 1024K, 53% used [0x00000000d5e00000,0x00000000d5e89210,0x00000000d5f00000)
  to   space 1024K, 0% used [0x00000000d5d00000,0x00000000d5d00000,0x00000000d5e00000)
 ParOldGen       total 169472K, used 169117K [0x0000000080000000, 0x000000008a580000, 0x00000000d5580000)
  object space 169472K, 99% used [0x0000000080000000,0x000000008a5274e0,0x000000008a580000)
 Metaspace       used 105240K, committed 106944K, reserved 1179648K
  class space    used 10621K, committed 11392K, reserved 1048576K
}
Event: 15547.295 GC heap before
{Heap before GC invocations=5148 (full 9):
 PSYoungGen      total 6656K, used 6180K [0x00000000d5580000, 0x00000000d5f00000, 0x0000000100000000)
  eden space 5632K, 100% used [0x00000000d5580000,0x00000000d5b00000,0x00000000d5b00000)
  from space 1024K, 53% used [0x00000000d5e00000,0x00000000d5e89210,0x00000000d5f00000)
  to   space 1024K, 0% used [0x00000000d5d00000,0x00000000d5d00000,0x00000000d5e00000)
 ParOldGen       total 169472K, used 169117K [0x0000000080000000, 0x000000008a580000, 0x00000000d5580000)
  object space 169472K, 99% used [0x0000000080000000,0x000000008a5274e0,0x000000008a580000)
 Metaspace       used 105240K, committed 106944K, reserved 1179648K
  class space    used 10621K, committed 11392K, reserved 1048576K
}
Event: 15547.296 GC heap after
{Heap after GC invocations=5148 (full 9):
 PSYoungGen      total 6656K, used 804K [0x00000000d5580000, 0x00000000d5e80000, 0x0000000100000000)
  eden space 5632K, 0% used [0x00000000d5580000,0x00000000d5580000,0x00000000d5b00000)
  from space 1024K, 78% used [0x00000000d5d00000,0x00000000d5dc9210,0x00000000d5e00000)
  to   space 512K, 0% used [0x00000000d5e00000,0x00000000d5e00000,0x00000000d5e80000)
 ParOldGen       total 169984K, used 169574K [0x0000000080000000, 0x000000008a600000, 0x00000000d5580000)
  object space 169984K, 99% used [0x0000000080000000,0x000000008a599a98,0x000000008a600000)
 Metaspace       used 105240K, committed 106944K, reserved 1179648K
  class space    used 10621K, committed 11392K, reserved 1048576K
}
Event: 15622.077 GC heap before
{Heap before GC invocations=5149 (full 9):
 PSYoungGen      total 6656K, used 6436K [0x00000000d5580000, 0x00000000d5e80000, 0x0000000100000000)
  eden space 5632K, 100% used [0x00000000d5580000,0x00000000d5b00000,0x00000000d5b00000)
  from space 1024K, 78% used [0x00000000d5d00000,0x00000000d5dc9210,0x00000000d5e00000)
  to   space 512K, 0% used [0x00000000d5e00000,0x00000000d5e00000,0x00000000d5e80000)
 ParOldGen       total 169984K, used 169574K [0x0000000080000000, 0x000000008a600000, 0x00000000d5580000)
  object space 169984K, 99% used [0x0000000080000000,0x000000008a599a98,0x000000008a600000)
 Metaspace       used 105240K, committed 106944K, reserved 1179648K
  class space    used 10621K, committed 11392K, reserved 1048576K
}
Event: 15622.082 GC heap after
{Heap after GC invocations=5149 (full 9):
 PSYoungGen      total 6144K, used 512K [0x00000000d5580000, 0x00000000d5f00000, 0x0000000100000000)
  eden space 5632K, 0% used [0x00000000d5580000,0x00000000d5580000,0x00000000d5b00000)
  from space 512K, 100% used [0x00000000d5e00000,0x00000000d5e80000,0x00000000d5e80000)
  to   space 2048K, 0% used [0x00000000d5b00000,0x00000000d5b00000,0x00000000d5d00000)
 ParOldGen       total 171008K, used 170600K [0x0000000080000000, 0x000000008a700000, 0x00000000d5580000)
  object space 171008K, 99% used [0x0000000080000000,0x000000008a69a028,0x000000008a700000)
 Metaspace       used 105240K, committed 106944K, reserved 1179648K
  class space    used 10621K, committed 11392K, reserved 1048576K
}
Event: 15624.201 GC heap before
{Heap before GC invocations=5150 (full 9):
 PSYoungGen      total 6144K, used 6144K [0x00000000d5580000, 0x00000000d5f00000, 0x0000000100000000)
  eden space 5632K, 100% used [0x00000000d5580000,0x00000000d5b00000,0x00000000d5b00000)
  from space 512K, 100% used [0x00000000d5e00000,0x00000000d5e80000,0x00000000d5e80000)
  to   space 2048K, 0% used [0x00000000d5b00000,0x00000000d5b00000,0x00000000d5d00000)
 ParOldGen       total 171008K, used 170600K [0x0000000080000000, 0x000000008a700000, 0x00000000d5580000)
  object space 171008K, 99% used [0x0000000080000000,0x000000008a69a028,0x000000008a700000)
 Metaspace       used 105240K, committed 106944K, reserved 1179648K
  class space    used 10621K, committed 11392K, reserved 1048576K
}
Event: 15624.204 GC heap after
{Heap after GC invocations=5150 (full 9):
 PSYoungGen      total 7680K, used 772K [0x00000000d5580000, 0x00000000d5e80000, 0x0000000100000000)
  eden space 5632K, 0% used [0x00000000d5580000,0x00000000d5580000,0x00000000d5b00000)
  from space 2048K, 37% used [0x00000000d5b00000,0x00000000d5bc1210,0x00000000d5d00000)
  to   space 1536K, 0% used [0x00000000d5d00000,0x00000000d5d00000,0x00000000d5e80000)
 ParOldGen       total 171520K, used 171118K [0x0000000080000000, 0x000000008a780000, 0x00000000d5580000)
  object space 171520K, 99% used [0x0000000080000000,0x000000008a71bbc8,0x000000008a780000)
 Metaspace       used 105240K, committed 106944K, reserved 1179648K
  class space    used 10621K, committed 11392K, reserved 1048576K
}
Event: 15625.469 GC heap before
{Heap before GC invocations=5151 (full 9):
 PSYoungGen      total 7680K, used 6404K [0x00000000d5580000, 0x00000000d5e80000, 0x0000000100000000)
  eden space 5632K, 100% used [0x00000000d5580000,0x00000000d5b00000,0x00000000d5b00000)
  from space 2048K, 37% used [0x00000000d5b00000,0x00000000d5bc1210,0x00000000d5d00000)
  to   space 1536K, 0% used [0x00000000d5d00000,0x00000000d5d00000,0x00000000d5e80000)
 ParOldGen       total 171520K, used 171118K [0x0000000080000000, 0x000000008a780000, 0x00000000d5580000)
  object space 171520K, 99% used [0x0000000080000000,0x000000008a71bbc8,0x000000008a780000)
 Metaspace       used 105240K, committed 106944K, reserved 1179648K
  class space    used 10621K, committed 11392K, reserved 1048576K
}
Event: 15625.471 GC heap after
{Heap after GC invocations=5151 (full 9):
 PSYoungGen      total 6656K, used 672K [0x00000000d5580000, 0x00000000d5e00000, 0x0000000100000000)
  eden space 5632K, 0% used [0x00000000d5580000,0x00000000d5580000,0x00000000d5b00000)
  from space 1024K, 65% used [0x00000000d5d00000,0x00000000d5da8020,0x00000000d5e00000)
  to   space 1024K, 0% used [0x00000000d5c00000,0x00000000d5c00000,0x00000000d5d00000)
 ParOldGen       total 172032K, used 171763K [0x0000000080000000, 0x000000008a800000, 0x00000000d5580000)
  object space 172032K, 99% used [0x0000000080000000,0x000000008a7bcdf8,0x000000008a800000)
 Metaspace       used 105240K, committed 106944K, reserved 1179648K
  class space    used 10621K, committed 11392K, reserved 1048576K
}
Event: 15625.873 GC heap before
{Heap before GC invocations=5152 (full 9):
 PSYoungGen      total 6656K, used 6304K [0x00000000d5580000, 0x00000000d5e00000, 0x0000000100000000)
  eden space 5632K, 100% used [0x00000000d5580000,0x00000000d5b00000,0x00000000d5b00000)
  from space 1024K, 65% used [0x00000000d5d00000,0x00000000d5da8020,0x00000000d5e00000)
  to   space 1024K, 0% used [0x00000000d5c00000,0x00000000d5c00000,0x00000000d5d00000)
 ParOldGen       total 172032K, used 171763K [0x0000000080000000, 0x000000008a800000, 0x00000000d5580000)
  object space 172032K, 99% used [0x0000000080000000,0x000000008a7bcdf8,0x000000008a800000)
 Metaspace       used 105240K, committed 106944K, reserved 1179648K
  class space    used 10621K, committed 11392K, reserved 1048576K
}
Event: 15625.875 GC heap after
{Heap after GC invocations=5152 (full 9):
 PSYoungGen      total 6656K, used 1017K [0x00000000d5580000, 0x00000000d5f00000, 0x0000000100000000)
  eden space 5632K, 0% used [0x00000000d5580000,0x00000000d5580000,0x00000000d5b00000)
  from space 1024K, 99% used [0x00000000d5c00000,0x00000000d5cfe430,0x00000000d5d00000)
  to   space 2048K, 0% used [0x00000000d5d00000,0x00000000d5d00000,0x00000000d5f00000)
 ParOldGen       total 172544K, used 172339K [0x0000000080000000, 0x000000008a880000, 0x00000000d5580000)
  object space 172544K, 99% used [0x0000000080000000,0x000000008a84ce58,0x000000008a880000)
 Metaspace       used 105240K, committed 106944K, reserved 1179648K
  class space    used 10621K, committed 11392K, reserved 1048576K
}
Event: 15626.996 GC heap before
{Heap before GC invocations=5153 (full 9):
 PSYoungGen      total 6656K, used 6649K [0x00000000d5580000, 0x00000000d5f00000, 0x0000000100000000)
  eden space 5632K, 100% used [0x00000000d5580000,0x00000000d5b00000,0x00000000d5b00000)
  from space 1024K, 99% used [0x00000000d5c00000,0x00000000d5cfe430,0x00000000d5d00000)
  to   space 2048K, 0% used [0x00000000d5d00000,0x00000000d5d00000,0x00000000d5f00000)
 ParOldGen       total 172544K, used 172339K [0x0000000080000000, 0x000000008a880000, 0x00000000d5580000)
  object space 172544K, 99% used [0x0000000080000000,0x000000008a84ce58,0x000000008a880000)
 Metaspace       used 105246K, committed 106944K, reserved 1179648K
  class space    used 10621K, committed 11392K, reserved 1048576K
}
Event: 15626.997 GC heap after
{Heap after GC invocations=5153 (full 9):
 PSYoungGen      total 6144K, used 496K [0x00000000d5580000, 0x00000000d5d80000, 0x0000000100000000)
  eden space 5632K, 0% used [0x00000000d5580000,0x00000000d5580000,0x00000000d5b00000)
  from space 512K, 96% used [0x00000000d5d00000,0x00000000d5d7c010,0x00000000d5d80000)
  to   space 1024K, 0% used [0x00000000d5b80000,0x00000000d5b80000,0x00000000d5c80000)
 ParOldGen       total 173568K, used 173300K [0x0000000080000000, 0x000000008a980000, 0x00000000d5580000)
  object space 173568K, 99% used [0x0000000080000000,0x000000008a93d298,0x000000008a980000)
 Metaspace       used 105246K, committed 106944K, reserved 1179648K
  class space    used 10621K, committed 11392K, reserved 1048576K
}
Event: 15627.287 GC heap before
{Heap before GC invocations=5154 (full 9):
 PSYoungGen      total 6144K, used 6039K [0x00000000d5580000, 0x00000000d5d80000, 0x0000000100000000)
  eden space 5632K, 98% used [0x00000000d5580000,0x00000000d5ae9ed8,0x00000000d5b00000)
  from space 512K, 96% used [0x00000000d5d00000,0x00000000d5d7c010,0x00000000d5d80000)
  to   space 1024K, 0% used [0x00000000d5b80000,0x00000000d5b80000,0x00000000d5c80000)
 ParOldGen       total 173568K, used 173300K [0x0000000080000000, 0x000000008a980000, 0x00000000d5580000)
  object space 173568K, 99% used [0x0000000080000000,0x000000008a93d298,0x000000008a980000)
 Metaspace       used 105251K, committed 106944K, reserved 1179648K
  class space    used 10621K, committed 11392K, reserved 1048576K
}
Event: 15627.289 GC heap after
{Heap after GC invocations=5154 (full 9):
 PSYoungGen      total 6656K, used 256K [0x00000000d5580000, 0x00000000d5d80000, 0x0000000100000000)
  eden space 5632K, 0% used [0x00000000d5580000,0x00000000d5580000,0x00000000d5b00000)
  from space 1024K, 25% used [0x00000000d5b80000,0x00000000d5bc0000,0x00000000d5c80000)
  to   space 512K, 0% used [0x00000000d5d00000,0x00000000d5d00000,0x00000000d5d80000)
 ParOldGen       total 174080K, used 173628K [0x0000000080000000, 0x000000008aa00000, 0x00000000d5580000)
  object space 174080K, 99% used [0x0000000080000000,0x000000008a98f2a8,0x000000008aa00000)
 Metaspace       used 105251K, committed 106944K, reserved 1179648K
  class space    used 10621K, committed 11392K, reserved 1048576K
}
Event: 15627.576 GC heap before
{Heap before GC invocations=5155 (full 9):
 PSYoungGen      total 6656K, used 5888K [0x00000000d5580000, 0x00000000d5d80000, 0x0000000100000000)
  eden space 5632K, 100% used [0x00000000d5580000,0x00000000d5b00000,0x00000000d5b00000)
  from space 1024K, 25% used [0x00000000d5b80000,0x00000000d5bc0000,0x00000000d5c80000)
  to   space 512K, 0% used [0x00000000d5d00000,0x00000000d5d00000,0x00000000d5d80000)
 ParOldGen       total 174080K, used 173628K [0x0000000080000000, 0x000000008aa00000, 0x00000000d5580000)
  object space 174080K, 99% used [0x0000000080000000,0x000000008a98f2a8,0x000000008aa00000)
 Metaspace       used 105251K, committed 106944K, reserved 1179648K
  class space    used 10621K, committed 11392K, reserved 1048576K
}
Event: 15627.577 GC heap after
{Heap after GC invocations=5155 (full 9):
 PSYoungGen      total 6144K, used 256K [0x00000000d5580000, 0x00000000d5d80000, 0x0000000100000000)
  eden space 5632K, 0% used [0x00000000d5580000,0x00000000d5580000,0x00000000d5b00000)
  from space 512K, 50% used [0x00000000d5d00000,0x00000000d5d40000,0x00000000d5d80000)
  to   space 512K, 0% used [0x00000000d5c80000,0x00000000d5c80000,0x00000000d5d00000)
 ParOldGen       total 174080K, used 173708K [0x0000000080000000, 0x000000008aa00000, 0x00000000d5580000)
  object space 174080K, 99% used [0x0000000080000000,0x000000008a9a32a8,0x000000008aa00000)
 Metaspace       used 105251K, committed 106944K, reserved 1179648K
  class space    used 10621K, committed 11392K, reserved 1048576K
}

