# JRE version: OpenJDK Runtime Environment Temurin-21.0.9+10 (21.0.9+10) (build 21.0.9+10-LTS)
# Java VM: OpenJDK 64-Bit Server VM Temurin-21.0.9+10 (21.0.9+10-LTS, mixed mode, sharing, tiered, compressed oops, compressed class ptrs, parallel gc, windows-amd64)
GC Precious Log:
 CardTable entry size: 512
 CPUs: 6 total, 6 available
 Memory: 16165M
 Large Page Support: Disabled
 NUMA Support: Disabled
 Compressed Oops: Enabled (32-bit)
 Alignments: Space 512K, Generation 512K, Heap 2M
 Heap Min Capacity: 100M
 Heap Initial Capacity: 100M
 Heap Max Capacity: 2G
 Pre-touch: Disabled
 Parallel Workers: 6
Heap:
 PSYoungGen      total 16896K, used 13833K [0x00000000d5580000, 0x00000000d6d80000, 0x0000000100000000)
  eden space 13312K, 77% used [0x00000000d5580000,0x00000000d5f852e8,0x00000000d6280000)
  from space 3584K, 99% used [0x00000000d6280000,0x00000000d65fd200,0x00000000d6600000)
  to   space 5632K, 0% used [0x00000000d6800000,0x00000000d6800000,0x00000000d6d80000)
 ParOldGen       total 108032K, used 107999K [0x0000000080000000, 0x0000000086980000, 0x00000000d5580000)
  object space 108032K, 99% used [0x0000000080000000,0x0000000086977fc8,0x0000000086980000)
 Metaspace       used 79207K, committed 80960K, reserved 1179648K
  class space    used 8317K, committed 9088K, reserved 1048576K
GC Heap History (20 events):
Event: 36.709 GC heap before
{Heap before GC invocations=103 (full 3):
 PSYoungGen      total 16896K, used 16868K [0x00000000d5580000, 0x00000000d6800000, 0x0000000100000000)
  eden space 15872K, 100% used [0x00000000d5580000,0x00000000d6500000,0x00000000d6500000)
  from space 1024K, 97% used [0x00000000d6500000,0x00000000d65f9210,0x00000000d6600000)
  to   space 1536K, 0% used [0x00000000d6680000,0x00000000d6680000,0x00000000d6800000)
 ParOldGen       total 97792K, used 97502K [0x0000000080000000, 0x0000000085f80000, 0x00000000d5580000)
  object space 97792K, 99% used [0x0000000080000000,0x0000000085f37a08,0x0000000085f80000)
 Metaspace       used 73436K, committed 75072K, reserved 1179648K
  class space    used 7713K, committed 8384K, reserved 1048576K
}
Event: 36.711 GC heap after
{Heap after GC invocations=103 (full 3):
 PSYoungGen      total 17408K, used 1024K [0x00000000d5580000, 0x00000000d6800000, 0x0000000100000000)
  eden space 15872K, 0% used [0x00000000d5580000,0x00000000d5580000,0x00000000d6500000)
  from space 1536K, 66% used [0x00000000d6680000,0x00000000d6780000,0x00000000d6800000)
  to   space 1536K, 0% used [0x00000000d6500000,0x00000000d6500000,0x00000000d6680000)
 ParOldGen       total 98816K, used 98363K [0x0000000080000000, 0x0000000086080000, 0x00000000d5580000)
  object space 98816K, 99% used [0x0000000080000000,0x000000008600ee80,0x0000000086080000)
 Metaspace       used 73436K, committed 75072K, reserved 1179648K
  class space    used 7713K, committed 8384K, reserved 1048576K
}
Event: 37.037 GC heap before
{Heap before GC invocations=104 (full 3):
 PSYoungGen      total 17408K, used 16881K [0x00000000d5580000, 0x00000000d6800000, 0x0000000100000000)
  eden space 15872K, 99% used [0x00000000d5580000,0x00000000d64fc608,0x00000000d6500000)
  from space 1536K, 66% used [0x00000000d6680000,0x00000000d6780000,0x00000000d6800000)
  to   space 1536K, 0% used [0x00000000d6500000,0x00000000d6500000,0x00000000d6680000)
 ParOldGen       total 98816K, used 98363K [0x0000000080000000, 0x0000000086080000, 0x00000000d5580000)
  object space 98816K, 99% used [0x0000000080000000,0x000000008600ee80,0x0000000086080000)
 Metaspace       used 74248K, committed 75840K, reserved 1179648K
  class space    used 7770K, committed 8448K, reserved 1048576K
}
Event: 37.041 GC heap after
{Heap after GC invocations=104 (full 3):
 PSYoungGen      total 17408K, used 1524K [0x00000000d5580000, 0x00000000d6b00000, 0x0000000100000000)
  eden space 15872K, 0% used [0x00000000d5580000,0x00000000d5580000,0x00000000d6500000)
  from space 1536K, 99% used [0x00000000d6500000,0x00000000d667d240,0x00000000d6680000)
  to   space 3072K, 0% used [0x00000000d6800000,0x00000000d6800000,0x00000000d6b00000)
 ParOldGen       total 99840K, used 99349K [0x0000000080000000, 0x0000000086180000, 0x00000000d5580000)
  object space 99840K, 99% used [0x0000000080000000,0x0000000086105620,0x0000000086180000)
 Metaspace       used 74248K, committed 75840K, reserved 1179648K
  class space    used 7770K, committed 8448K, reserved 1048576K
}
Event: 37.325 GC heap before
{Heap before GC invocations=105 (full 3):
 PSYoungGen      total 17408K, used 17396K [0x00000000d5580000, 0x00000000d6b00000, 0x0000000100000000)
  eden space 15872K, 100% used [0x00000000d5580000,0x00000000d6500000,0x00000000d6500000)
  from space 1536K, 99% used [0x00000000d6500000,0x00000000d667d240,0x00000000d6680000)
  to   space 3072K, 0% used [0x00000000d6800000,0x00000000d6800000,0x00000000d6b00000)
 ParOldGen       total 99840K, used 99349K [0x0000000080000000, 0x0000000086180000, 0x00000000d5580000)
  object space 99840K, 99% used [0x0000000080000000,0x0000000086105620,0x0000000086180000)
 Metaspace       used 75540K, committed 77120K, reserved 1179648K
  class space    used 7886K, committed 8576K, reserved 1048576K
}
Event: 37.329 GC heap after
{Heap after GC invocations=105 (full 3):
 PSYoungGen      total 17920K, used 1890K [0x00000000d5580000, 0x00000000d6a00000, 0x0000000100000000)
  eden space 15872K, 0% used [0x00000000d5580000,0x00000000d5580000,0x00000000d6500000)
  from space 2048K, 92% used [0x00000000d6800000,0x00000000d69d8878,0x00000000d6a00000)
  to   space 2560K, 0% used [0x00000000d6500000,0x00000000d6500000,0x00000000d6780000)
 ParOldGen       total 100864K, used 100842K [0x0000000080000000, 0x0000000086280000, 0x00000000d5580000)
  object space 100864K, 99% used [0x0000000080000000,0x000000008627a860,0x0000000086280000)
 Metaspace       used 75540K, committed 77120K, reserved 1179648K
  class space    used 7886K, committed 8576K, reserved 1048576K
}
Event: 37.512 GC heap before
{Heap before GC invocations=106 (full 3):
 PSYoungGen      total 17920K, used 17762K [0x00000000d5580000, 0x00000000d6a00000, 0x0000000100000000)
  eden space 15872K, 100% used [0x00000000d5580000,0x00000000d6500000,0x00000000d6500000)
  from space 2048K, 92% used [0x00000000d6800000,0x00000000d69d8878,0x00000000d6a00000)
  to   space 2560K, 0% used [0x00000000d6500000,0x00000000d6500000,0x00000000d6780000)
 ParOldGen       total 100864K, used 100842K [0x0000000080000000, 0x0000000086280000, 0x00000000d5580000)
  object space 100864K, 99% used [0x0000000080000000,0x000000008627a860,0x0000000086280000)
 Metaspace       used 76022K, committed 77696K, reserved 1179648K
  class space    used 7950K, committed 8704K, reserved 1048576K
}
Event: 37.514 GC heap after
{Heap after GC invocations=106 (full 3):
 PSYoungGen      total 17920K, used 1990K [0x00000000d5580000, 0x00000000d6900000, 0x0000000100000000)
  eden space 15872K, 0% used [0x00000000d5580000,0x00000000d5580000,0x00000000d6500000)
  from space 2048K, 97% used [0x00000000d6500000,0x00000000d66f1910,0x00000000d6700000)
  to   space 2048K, 0% used [0x00000000d6700000,0x00000000d6700000,0x00000000d6900000)
 ParOldGen       total 101888K, used 101811K [0x0000000080000000, 0x0000000086380000, 0x00000000d5580000)
  object space 101888K, 99% used [0x0000000080000000,0x000000008636cfa0,0x0000000086380000)
 Metaspace       used 76022K, committed 77696K, reserved 1179648K
  class space    used 7950K, committed 8704K, reserved 1048576K
}
Event: 37.590 GC heap before
{Heap before GC invocations=107 (full 3):
 PSYoungGen      total 17920K, used 17862K [0x00000000d5580000, 0x00000000d6900000, 0x0000000100000000)
  eden space 15872K, 100% used [0x00000000d5580000,0x00000000d6500000,0x00000000d6500000)
  from space 2048K, 97% used [0x00000000d6500000,0x00000000d66f1910,0x00000000d6700000)
  to   space 2048K, 0% used [0x00000000d6700000,0x00000000d6700000,0x00000000d6900000)
 ParOldGen       total 101888K, used 101811K [0x0000000080000000, 0x0000000086380000, 0x00000000d5580000)
  object space 101888K, 99% used [0x0000000080000000,0x000000008636cfa0,0x0000000086380000)
 Metaspace       used 76169K, committed 77888K, reserved 1179648K
  class space    used 7957K, committed 8704K, reserved 1048576K
}
Event: 37.594 GC heap after
{Heap after GC invocations=107 (full 3):
 PSYoungGen      total 17920K, used 1536K [0x00000000d5580000, 0x00000000d6900000, 0x0000000100000000)
  eden space 15872K, 0% used [0x00000000d5580000,0x00000000d5580000,0x00000000d6500000)
  from space 2048K, 75% used [0x00000000d6700000,0x00000000d6880210,0x00000000d6900000)
  to   space 2048K, 0% used [0x00000000d6500000,0x00000000d6500000,0x00000000d6700000)
 ParOldGen       total 102912K, used 102816K [0x0000000080000000, 0x0000000086480000, 0x00000000d5580000)
  object space 102912K, 99% used [0x0000000080000000,0x0000000086468200,0x0000000086480000)
 Metaspace       used 76169K, committed 77888K, reserved 1179648K
  class space    used 7957K, committed 8704K, reserved 1048576K
}
Event: 38.703 GC heap before
{Heap before GC invocations=108 (full 3):
 PSYoungGen      total 17920K, used 17408K [0x00000000d5580000, 0x00000000d6900000, 0x0000000100000000)
  eden space 15872K, 99% used [0x00000000d5580000,0x00000000d64ffff0,0x00000000d6500000)
  from space 2048K, 75% used [0x00000000d6700000,0x00000000d6880210,0x00000000d6900000)
  to   space 2048K, 0% used [0x00000000d6500000,0x00000000d6500000,0x00000000d6700000)
 ParOldGen       total 102912K, used 102816K [0x0000000080000000, 0x0000000086480000, 0x00000000d5580000)
  object space 102912K, 99% used [0x0000000080000000,0x0000000086468200,0x0000000086480000)
 Metaspace       used 76193K, committed 77888K, reserved 1179648K
  class space    used 7957K, committed 8704K, reserved 1048576K
}
Event: 38.705 GC heap after
{Heap after GC invocations=108 (full 3):
 PSYoungGen      total 16896K, used 932K [0x00000000d5580000, 0x00000000d6800000, 0x0000000100000000)
  eden space 15872K, 0% used [0x00000000d5580000,0x00000000d5580000,0x00000000d6500000)
  from space 1024K, 91% used [0x00000000d6500000,0x00000000d65e9210,0x00000000d6600000)
  to   space 1536K, 0% used [0x00000000d6680000,0x00000000d6680000,0x00000000d6800000)
 ParOldGen       total 103936K, used 103765K [0x0000000080000000, 0x0000000086580000, 0x00000000d5580000)
  object space 103936K, 99% used [0x0000000080000000,0x0000000086555460,0x0000000086580000)
 Metaspace       used 76193K, committed 77888K, reserved 1179648K
  class space    used 7957K, committed 8704K, reserved 1048576K
}
Event: 39.243 GC heap before
{Heap before GC invocations=109 (full 3):
 PSYoungGen      total 16896K, used 16804K [0x00000000d5580000, 0x00000000d6800000, 0x0000000100000000)
  eden space 15872K, 100% used [0x00000000d5580000,0x00000000d6500000,0x00000000d6500000)
  from space 1024K, 91% used [0x00000000d6500000,0x00000000d65e9210,0x00000000d6600000)
  to   space 1536K, 0% used [0x00000000d6680000,0x00000000d6680000,0x00000000d6800000)
 ParOldGen       total 103936K, used 103765K [0x0000000080000000, 0x0000000086580000, 0x00000000d5580000)
  object space 103936K, 99% used [0x0000000080000000,0x0000000086555460,0x0000000086580000)
 Metaspace       used 76276K, committed 77952K, reserved 1179648K
  class space    used 7960K, committed 8704K, reserved 1048576K
}
Event: 39.244 GC heap after
{Heap after GC invocations=109 (full 3):
 PSYoungGen      total 16384K, used 416K [0x00000000d5580000, 0x00000000d6700000, 0x0000000100000000)
  eden space 15872K, 0% used [0x00000000d5580000,0x00000000d5580000,0x00000000d6500000)
  from space 512K, 81% used [0x00000000d6680000,0x00000000d66e8000,0x00000000d6700000)
  to   space 1024K, 0% used [0x00000000d6500000,0x00000000d6500000,0x00000000d6600000)
 ParOldGen       total 104960K, used 104577K [0x0000000080000000, 0x0000000086680000, 0x00000000d5580000)
  object space 104960K, 99% used [0x0000000080000000,0x00000000866206b0,0x0000000086680000)
 Metaspace       used 76276K, committed 77952K, reserved 1179648K
  class space    used 7960K, committed 8704K, reserved 1048576K
}
Event: 39.433 GC heap before
{Heap before GC invocations=110 (full 3):
 PSYoungGen      total 16384K, used 16283K [0x00000000d5580000, 0x00000000d6700000, 0x0000000100000000)
  eden space 15872K, 99% used [0x00000000d5580000,0x00000000d64fed88,0x00000000d6500000)
  from space 512K, 81% used [0x00000000d6680000,0x00000000d66e8000,0x00000000d6700000)
  to   space 1024K, 0% used [0x00000000d6500000,0x00000000d6500000,0x00000000d6600000)
 ParOldGen       total 104960K, used 104577K [0x0000000080000000, 0x0000000086680000, 0x00000000d5580000)
  object space 104960K, 99% used [0x0000000080000000,0x00000000866206b0,0x0000000086680000)
 Metaspace       used 78708K, committed 80512K, reserved 1179648K
  class space    used 8237K, committed 9024K, reserved 1048576K
}
Event: 39.434 GC heap after
{Heap after GC invocations=110 (full 3):
 PSYoungGen      total 16896K, used 728K [0x00000000d5580000, 0x00000000d6700000, 0x0000000100000000)
  eden space 15872K, 0% used [0x00000000d5580000,0x00000000d5580000,0x00000000d6500000)
  from space 1024K, 71% used [0x00000000d6500000,0x00000000d65b6220,0x00000000d6600000)
  to   space 1024K, 0% used [0x00000000d6600000,0x00000000d6600000,0x00000000d6700000)
 ParOldGen       total 104960K, used 104902K [0x0000000080000000, 0x0000000086680000, 0x00000000d5580000)
  object space 104960K, 99% used [0x0000000080000000,0x0000000086671960,0x0000000086680000)
 Metaspace       used 78708K, committed 80512K, reserved 1179648K
  class space    used 8237K, committed 9024K, reserved 1048576K
}
Event: 40.922 GC heap before
{Heap before GC invocations=111 (full 3):
 PSYoungGen      total 16896K, used 16600K [0x00000000d5580000, 0x00000000d6700000, 0x0000000100000000)
  eden space 15872K, 100% used [0x00000000d5580000,0x00000000d6500000,0x00000000d6500000)
  from space 1024K, 71% used [0x00000000d6500000,0x00000000d65b6220,0x00000000d6600000)
  to   space 1024K, 0% used [0x00000000d6600000,0x00000000d6600000,0x00000000d6700000)
 ParOldGen       total 104960K, used 104902K [0x0000000080000000, 0x0000000086680000, 0x00000000d5580000)
  object space 104960K, 99% used [0x0000000080000000,0x0000000086671960,0x0000000086680000)
 Metaspace       used 79132K, committed 80896K, reserved 1179648K
  class space    used 8315K, committed 9088K, reserved 1048576K
}
Event: 40.924 GC heap after
{Heap after GC invocations=111 (full 3):
 PSYoungGen      total 14336K, used 1012K [0x00000000d5580000, 0x00000000d6c00000, 0x0000000100000000)
  eden space 13312K, 0% used [0x00000000d5580000,0x00000000d5580000,0x00000000d6280000)
  from space 1024K, 98% used [0x00000000d6600000,0x00000000d66fd200,0x00000000d6700000)
  to   space 3584K, 0% used [0x00000000d6280000,0x00000000d6280000,0x00000000d6600000)
 ParOldGen       total 107008K, used 106827K [0x0000000080000000, 0x0000000086880000, 0x00000000d5580000)
  object space 107008K, 99% used [0x0000000080000000,0x0000000086852d68,0x0000000086880000)
 Metaspace       used 79132K, committed 80896K, reserved 1179648K
  class space    used 8315K, committed 9088K, reserved 1048576K
}
Event: 40.960 GC heap before
{Heap before GC invocations=112 (full 3):
 PSYoungGen      total 14336K, used 14324K [0x00000000d5580000, 0x00000000d6c00000, 0x0000000100000000)
  eden space 13312K, 100% used [0x00000000d5580000,0x00000000d6280000,0x00000000d6280000)
  from space 1024K, 98% used [0x00000000d6600000,0x00000000d66fd200,0x00000000d6700000)
  to   space 3584K, 0% used [0x00000000d6280000,0x00000000d6280000,0x00000000d6600000)
 ParOldGen       total 107008K, used 106827K [0x0000000080000000, 0x0000000086880000, 0x00000000d5580000)
  object space 107008K, 99% used [0x0000000080000000,0x0000000086852d68,0x0000000086880000)
 Metaspace       used 79185K, committed 80960K, reserved 1179648K
  class space    used 8317K, committed 9088K, reserved 1048576K
}
Event: 40.964 GC heap after
{Heap after GC invocations=112 (full 3):
 PSYoungGen      total 16896K, used 3572K [0x00000000d5580000, 0x00000000d6d80000, 0x0000000100000000)
  eden space 13312K, 0% used [0x00000000d5580000,0x00000000d5580000,0x00000000d6280000)
  from space 3584K, 99% used [0x00000000d6280000,0x00000000d65fd200,0x00000000d6600000)
  to   space 5632K, 0% used [0x00000000d6800000,0x00000000d6800000,0x00000000d6d80000)
 ParOldGen       total 108032K, used 107999K [0x0000000080000000, 0x0000000086980000, 0x00000000d5580000)
  object space 108032K, 99% used [0x0000000080000000,0x0000000086977fc8,0x0000000086980000)
 Metaspace       used 79185K, committed 80960K, reserved 1179648K
  class space    used 8317K, committed 9088K, reserved 1048576K
}

