# JRE version: OpenJDK Runtime Environment Temurin-21.0.9+10 (21.0.9+10) (build 21.0.9+10-LTS)
# Java VM: OpenJDK 64-Bit Server VM Temurin-21.0.9+10 (21.0.9+10-LTS, mixed mode, sharing, tiered, compressed oops, compressed class ptrs, parallel gc, windows-amd64)
GC Precious Log:
 CardTable entry size: 512
 CPUs: 6 total, 6 available
 Memory: 16165M
 Large Page Support: Disabled
 NUMA Support: Disabled
 Compressed Oops: Enabled (32-bit)
 Alignments: Space 512K, Generation 512K, Heap 2M
 Heap Min Capacity: 100M
 Heap Initial Capacity: 100M
 Heap Max Capacity: 2G
 Pre-touch: Disabled
 Parallel Workers: 6
Heap:
 PSYoungGen      total 23040K, used 15627K [0x00000000d5580000, 0x00000000d6e80000, 0x0000000100000000)
  eden space 21504K, 65% used [0x00000000d5580000,0x00000000d634afb0,0x00000000d6a80000)
  from space 1536K, 97% used [0x00000000d6b80000,0x00000000d6cf8040,0x00000000d6d00000)
  to   space 1024K, 0% used [0x00000000d6d80000,0x00000000d6d80000,0x00000000d6e80000)
 ParOldGen       total 68608K, used 54258K [0x0000000080000000, 0x0000000084300000, 0x00000000d5580000)
  object space 68608K, 79% used [0x0000000080000000,0x00000000834fc930,0x0000000084300000)
 Metaspace       used 58285K, committed 59648K, reserved 1114112K
  class space    used 6231K, committed 6784K, reserved 1048576K
GC Heap History (20 events):
Event: 4.906 GC heap before
{Heap before GC invocations=26 (full 2):
 PSYoungGen      total 23552K, used 23296K [0x00000000d5580000, 0x00000000d6e80000, 0x0000000100000000)
  eden space 21504K, 100% used [0x00000000d5580000,0x00000000d6a80000,0x00000000d6a80000)
  from space 2048K, 87% used [0x00000000d6a80000,0x00000000d6c40020,0x00000000d6c80000)
  to   space 2048K, 0% used [0x00000000d6c80000,0x00000000d6c80000,0x00000000d6e80000)
 ParOldGen       total 68608K, used 35489K [0x0000000080000000, 0x0000000084300000, 0x00000000d5580000)
  object space 68608K, 51% used [0x0000000080000000,0x00000000822a84c0,0x0000000084300000)
 Metaspace       used 43723K, committed 44992K, reserved 1114112K
  class space    used 4668K, committed 5248K, reserved 1048576K
}
Event: 4.971 GC heap after
{Heap after GC invocations=26 (full 2):
 PSYoungGen      total 23552K, used 2016K [0x00000000d5580000, 0x00000000d6e80000, 0x0000000100000000)
  eden space 21504K, 0% used [0x00000000d5580000,0x00000000d5580000,0x00000000d6a80000)
  from space 2048K, 98% used [0x00000000d6c80000,0x00000000d6e78020,0x00000000d6e80000)
  to   space 2048K, 0% used [0x00000000d6a80000,0x00000000d6a80000,0x00000000d6c80000)
 ParOldGen       total 68608K, used 41213K [0x0000000080000000, 0x0000000084300000, 0x00000000d5580000)
  object space 68608K, 60% used [0x0000000080000000,0x000000008283f640,0x0000000084300000)
 Metaspace       used 43723K, committed 44992K, reserved 1114112K
  class space    used 4668K, committed 5248K, reserved 1048576K
}
Event: 5.264 GC heap before
{Heap before GC invocations=27 (full 2):
 PSYoungGen      total 23552K, used 23520K [0x00000000d5580000, 0x00000000d6e80000, 0x0000000100000000)
  eden space 21504K, 100% used [0x00000000d5580000,0x00000000d6a80000,0x00000000d6a80000)
  from space 2048K, 98% used [0x00000000d6c80000,0x00000000d6e78020,0x00000000d6e80000)
  to   space 2048K, 0% used [0x00000000d6a80000,0x00000000d6a80000,0x00000000d6c80000)
 ParOldGen       total 68608K, used 41213K [0x0000000080000000, 0x0000000084300000, 0x00000000d5580000)
  object space 68608K, 60% used [0x0000000080000000,0x000000008283f640,0x0000000084300000)
 Metaspace       used 46195K, committed 47552K, reserved 1114112K
  class space    used 4967K, committed 5568K, reserved 1048576K
}
Event: 5.268 GC heap after
{Heap after GC invocations=27 (full 2):
 PSYoungGen      total 23552K, used 1072K [0x00000000d5580000, 0x00000000d7180000, 0x0000000100000000)
  eden space 21504K, 0% used [0x00000000d5580000,0x00000000d5580000,0x00000000d6a80000)
  from space 2048K, 52% used [0x00000000d6a80000,0x00000000d6b8c010,0x00000000d6c80000)
  to   space 3584K, 0% used [0x00000000d6e00000,0x00000000d6e00000,0x00000000d7180000)
 ParOldGen       total 68608K, used 43205K [0x0000000080000000, 0x0000000084300000, 0x00000000d5580000)
  object space 68608K, 62% used [0x0000000080000000,0x0000000082a31660,0x0000000084300000)
 Metaspace       used 46195K, committed 47552K, reserved 1114112K
  class space    used 4967K, committed 5568K, reserved 1048576K
}
Event: 5.727 GC heap before
{Heap before GC invocations=28 (full 2):
 PSYoungGen      total 23552K, used 22576K [0x00000000d5580000, 0x00000000d7180000, 0x0000000100000000)
  eden space 21504K, 100% used [0x00000000d5580000,0x00000000d6a80000,0x00000000d6a80000)
  from space 2048K, 52% used [0x00000000d6a80000,0x00000000d6b8c010,0x00000000d6c80000)
  to   space 3584K, 0% used [0x00000000d6e00000,0x00000000d6e00000,0x00000000d7180000)
 ParOldGen       total 68608K, used 43205K [0x0000000080000000, 0x0000000084300000, 0x00000000d5580000)
  object space 68608K, 62% used [0x0000000080000000,0x0000000082a31660,0x0000000084300000)
 Metaspace       used 48657K, committed 49984K, reserved 1114112K
  class space    used 5302K, committed 5888K, reserved 1048576K
}
Event: 5.730 GC heap after
{Heap after GC invocations=28 (full 2):
 PSYoungGen      total 23040K, used 1344K [0x00000000d5580000, 0x00000000d6f80000, 0x0000000100000000)
  eden space 21504K, 0% used [0x00000000d5580000,0x00000000d5580000,0x00000000d6a80000)
  from space 1536K, 87% used [0x00000000d6e00000,0x00000000d6f50000,0x00000000d6f80000)
  to   space 2048K, 0% used [0x00000000d6b80000,0x00000000d6b80000,0x00000000d6d80000)
 ParOldGen       total 68608K, used 44119K [0x0000000080000000, 0x0000000084300000, 0x00000000d5580000)
  object space 68608K, 64% used [0x0000000080000000,0x0000000082b15e70,0x0000000084300000)
 Metaspace       used 48657K, committed 49984K, reserved 1114112K
  class space    used 5302K, committed 5888K, reserved 1048576K
}
Event: 6.028 GC heap before
{Heap before GC invocations=29 (full 2):
 PSYoungGen      total 23040K, used 22848K [0x00000000d5580000, 0x00000000d6f80000, 0x0000000100000000)
  eden space 21504K, 100% used [0x00000000d5580000,0x00000000d6a80000,0x00000000d6a80000)
  from space 1536K, 87% used [0x00000000d6e00000,0x00000000d6f50000,0x00000000d6f80000)
  to   space 2048K, 0% used [0x00000000d6b80000,0x00000000d6b80000,0x00000000d6d80000)
 ParOldGen       total 68608K, used 44119K [0x0000000080000000, 0x0000000084300000, 0x00000000d5580000)
  object space 68608K, 64% used [0x0000000080000000,0x0000000082b15e70,0x0000000084300000)
 Metaspace       used 51191K, committed 52544K, reserved 1114112K
  class space    used 5588K, committed 6144K, reserved 1048576K
}
Event: 6.031 GC heap after
{Heap after GC invocations=29 (full 2):
 PSYoungGen      total 23040K, used 1371K [0x00000000d5580000, 0x00000000d6e80000, 0x0000000100000000)
  eden space 21504K, 0% used [0x00000000d5580000,0x00000000d5580000,0x00000000d6a80000)
  from space 1536K, 89% used [0x00000000d6b80000,0x00000000d6cd6ee8,0x00000000d6d00000)
  to   space 1536K, 0% used [0x00000000d6d00000,0x00000000d6d00000,0x00000000d6e80000)
 ParOldGen       total 68608K, used 45335K [0x0000000080000000, 0x0000000084300000, 0x00000000d5580000)
  object space 68608K, 66% used [0x0000000080000000,0x0000000082c45e90,0x0000000084300000)
 Metaspace       used 51191K, committed 52544K, reserved 1114112K
  class space    used 5588K, committed 6144K, reserved 1048576K
}
Event: 6.408 GC heap before
{Heap before GC invocations=30 (full 2):
 PSYoungGen      total 23040K, used 22875K [0x00000000d5580000, 0x00000000d6e80000, 0x0000000100000000)
  eden space 21504K, 100% used [0x00000000d5580000,0x00000000d6a80000,0x00000000d6a80000)
  from space 1536K, 89% used [0x00000000d6b80000,0x00000000d6cd6ee8,0x00000000d6d00000)
  to   space 1536K, 0% used [0x00000000d6d00000,0x00000000d6d00000,0x00000000d6e80000)
 ParOldGen       total 68608K, used 45335K [0x0000000080000000, 0x0000000084300000, 0x00000000d5580000)
  object space 68608K, 66% used [0x0000000080000000,0x0000000082c45e90,0x0000000084300000)
 Metaspace       used 52064K, committed 53440K, reserved 1114112K
  class space    used 5703K, committed 6272K, reserved 1048576K
}
Event: 6.409 GC heap after
{Heap after GC invocations=30 (full 2):
 PSYoungGen      total 22016K, used 404K [0x00000000d5580000, 0x00000000d6d80000, 0x0000000100000000)
  eden space 21504K, 0% used [0x00000000d5580000,0x00000000d5580000,0x00000000d6a80000)
  from space 512K, 79% used [0x00000000d6d00000,0x00000000d6d652f8,0x00000000d6d80000)
  to   space 1024K, 0% used [0x00000000d6b80000,0x00000000d6b80000,0x00000000d6c80000)
 ParOldGen       total 68608K, used 46574K [0x0000000080000000, 0x0000000084300000, 0x00000000d5580000)
  object space 68608K, 67% used [0x0000000080000000,0x0000000082d7bba0,0x0000000084300000)
 Metaspace       used 52064K, committed 53440K, reserved 1114112K
  class space    used 5703K, committed 6272K, reserved 1048576K
}
Event: 6.660 GC heap before
{Heap before GC invocations=31 (full 2):
 PSYoungGen      total 22016K, used 21908K [0x00000000d5580000, 0x00000000d6d80000, 0x0000000100000000)
  eden space 21504K, 100% used [0x00000000d5580000,0x00000000d6a80000,0x00000000d6a80000)
  from space 512K, 79% used [0x00000000d6d00000,0x00000000d6d652f8,0x00000000d6d80000)
  to   space 1024K, 0% used [0x00000000d6b80000,0x00000000d6b80000,0x00000000d6c80000)
 ParOldGen       total 68608K, used 46574K [0x0000000080000000, 0x0000000084300000, 0x00000000d5580000)
  object space 68608K, 67% used [0x0000000080000000,0x0000000082d7bba0,0x0000000084300000)
 Metaspace       used 52942K, committed 54208K, reserved 1114112K
  class space    used 5783K, committed 6336K, reserved 1048576K
}
Event: 6.662 GC heap after
{Heap after GC invocations=31 (full 2):
 PSYoungGen      total 22528K, used 1018K [0x00000000d5580000, 0x00000000d7480000, 0x0000000100000000)
  eden space 21504K, 0% used [0x00000000d5580000,0x00000000d5580000,0x00000000d6a80000)
  from space 1024K, 99% used [0x00000000d6b80000,0x00000000d6c7e810,0x00000000d6c80000)
  to   space 5120K, 0% used [0x00000000d6f80000,0x00000000d6f80000,0x00000000d7480000)
 ParOldGen       total 68608K, used 49792K [0x0000000080000000, 0x0000000084300000, 0x00000000d5580000)
  object space 68608K, 72% used [0x0000000080000000,0x00000000830a0328,0x0000000084300000)
 Metaspace       used 52942K, committed 54208K, reserved 1114112K
  class space    used 5783K, committed 6336K, reserved 1048576K
}
Event: 6.820 GC heap before
{Heap before GC invocations=32 (full 2):
 PSYoungGen      total 22528K, used 22522K [0x00000000d5580000, 0x00000000d7480000, 0x0000000100000000)
  eden space 21504K, 100% used [0x00000000d5580000,0x00000000d6a80000,0x00000000d6a80000)
  from space 1024K, 99% used [0x00000000d6b80000,0x00000000d6c7e810,0x00000000d6c80000)
  to   space 5120K, 0% used [0x00000000d6f80000,0x00000000d6f80000,0x00000000d7480000)
 ParOldGen       total 68608K, used 49792K [0x0000000080000000, 0x0000000084300000, 0x00000000d5580000)
  object space 68608K, 72% used [0x0000000080000000,0x00000000830a0328,0x0000000084300000)
 Metaspace       used 53761K, committed 55104K, reserved 1114112K
  class space    used 5822K, committed 6400K, reserved 1048576K
}
Event: 6.823 GC heap after
{Heap after GC invocations=32 (full 2):
 PSYoungGen      total 25600K, used 3882K [0x00000000d5580000, 0x00000000d7380000, 0x0000000100000000)
  eden space 21504K, 0% used [0x00000000d5580000,0x00000000d5580000,0x00000000d6a80000)
  from space 4096K, 94% used [0x00000000d6f80000,0x00000000d734aa10,0x00000000d7380000)
  to   space 4096K, 0% used [0x00000000d6b80000,0x00000000d6b80000,0x00000000d6f80000)
 ParOldGen       total 68608K, used 50810K [0x0000000080000000, 0x0000000084300000, 0x00000000d5580000)
  object space 68608K, 74% used [0x0000000080000000,0x000000008319ea30,0x0000000084300000)
 Metaspace       used 53761K, committed 55104K, reserved 1114112K
  class space    used 5822K, committed 6400K, reserved 1048576K
}
Event: 6.865 GC heap before
{Heap before GC invocations=33 (full 2):
 PSYoungGen      total 25600K, used 25386K [0x00000000d5580000, 0x00000000d7380000, 0x0000000100000000)
  eden space 21504K, 100% used [0x00000000d5580000,0x00000000d6a80000,0x00000000d6a80000)
  from space 4096K, 94% used [0x00000000d6f80000,0x00000000d734aa10,0x00000000d7380000)
  to   space 4096K, 0% used [0x00000000d6b80000,0x00000000d6b80000,0x00000000d6f80000)
 ParOldGen       total 68608K, used 50810K [0x0000000080000000, 0x0000000084300000, 0x00000000d5580000)
  object space 68608K, 74% used [0x0000000080000000,0x000000008319ea30,0x0000000084300000)
 Metaspace       used 53778K, committed 55168K, reserved 1114112K
  class space    used 5822K, committed 6400K, reserved 1048576K
}
Event: 6.868 GC heap after
{Heap after GC invocations=33 (full 2):
 PSYoungGen      total 22528K, used 972K [0x00000000d5580000, 0x00000000d7000000, 0x0000000100000000)
  eden space 21504K, 0% used [0x00000000d5580000,0x00000000d5580000,0x00000000d6a80000)
  from space 1024K, 94% used [0x00000000d6b80000,0x00000000d6c73140,0x00000000d6c80000)
  to   space 2560K, 0% used [0x00000000d6d80000,0x00000000d6d80000,0x00000000d7000000)
 ParOldGen       total 68608K, used 53437K [0x0000000080000000, 0x0000000084300000, 0x00000000d5580000)
  object space 68608K, 77% used [0x0000000080000000,0x000000008342f4b0,0x0000000084300000)
 Metaspace       used 53778K, committed 55168K, reserved 1114112K
  class space    used 5822K, committed 6400K, reserved 1048576K
}
Event: 7.165 GC heap before
{Heap before GC invocations=34 (full 2):
 PSYoungGen      total 22528K, used 22476K [0x00000000d5580000, 0x00000000d7000000, 0x0000000100000000)
  eden space 21504K, 100% used [0x00000000d5580000,0x00000000d6a80000,0x00000000d6a80000)
  from space 1024K, 94% used [0x00000000d6b80000,0x00000000d6c73140,0x00000000d6c80000)
  to   space 2560K, 0% used [0x00000000d6d80000,0x00000000d6d80000,0x00000000d7000000)
 ParOldGen       total 68608K, used 53437K [0x0000000080000000, 0x0000000084300000, 0x00000000d5580000)
  object space 68608K, 77% used [0x0000000080000000,0x000000008342f4b0,0x0000000084300000)
 Metaspace       used 55323K, committed 56640K, reserved 1114112K
  class space    used 5972K, committed 6528K, reserved 1048576K
}
Event: 7.167 GC heap after
{Heap after GC invocations=34 (full 2):
 PSYoungGen      total 22528K, used 800K [0x00000000d5580000, 0x00000000d6e80000, 0x0000000100000000)
  eden space 21504K, 0% used [0x00000000d5580000,0x00000000d5580000,0x00000000d6a80000)
  from space 1024K, 78% used [0x00000000d6d80000,0x00000000d6e48000,0x00000000d6e80000)
  to   space 1536K, 0% used [0x00000000d6b80000,0x00000000d6b80000,0x00000000d6d00000)
 ParOldGen       total 68608K, used 53445K [0x0000000080000000, 0x0000000084300000, 0x00000000d5580000)
  object space 68608K, 77% used [0x0000000080000000,0x00000000834314b0,0x0000000084300000)
 Metaspace       used 55323K, committed 56640K, reserved 1114112K
  class space    used 5972K, committed 6528K, reserved 1048576K
}
Event: 7.839 GC heap before
{Heap before GC invocations=35 (full 2):
 PSYoungGen      total 22528K, used 22304K [0x00000000d5580000, 0x00000000d6e80000, 0x0000000100000000)
  eden space 21504K, 100% used [0x00000000d5580000,0x00000000d6a80000,0x00000000d6a80000)
  from space 1024K, 78% used [0x00000000d6d80000,0x00000000d6e48000,0x00000000d6e80000)
  to   space 1536K, 0% used [0x00000000d6b80000,0x00000000d6b80000,0x00000000d6d00000)
 ParOldGen       total 68608K, used 53445K [0x0000000080000000, 0x0000000084300000, 0x00000000d5580000)
  object space 68608K, 77% used [0x0000000080000000,0x00000000834314b0,0x0000000084300000)
 Metaspace       used 57059K, committed 58496K, reserved 1114112K
  class space    used 6121K, committed 6720K, reserved 1048576K
}
Event: 7.873 GC heap after
{Heap after GC invocations=35 (full 2):
 PSYoungGen      total 23040K, used 1504K [0x00000000d5580000, 0x00000000d6e80000, 0x0000000100000000)
  eden space 21504K, 0% used [0x00000000d5580000,0x00000000d5580000,0x00000000d6a80000)
  from space 1536K, 97% used [0x00000000d6b80000,0x00000000d6cf8040,0x00000000d6d00000)
  to   space 1024K, 0% used [0x00000000d6d80000,0x00000000d6d80000,0x00000000d6e80000)
 ParOldGen       total 68608K, used 54258K [0x0000000080000000, 0x0000000084300000, 0x00000000d5580000)
  object space 68608K, 79% used [0x0000000080000000,0x00000000834fc930,0x0000000084300000)
 Metaspace       used 57059K, committed 58496K, reserved 1114112K
  class space    used 6121K, committed 6720K, reserved 1048576K
}

