# JRE version: OpenJDK Runtime Environment Temurin-21.0.9+10 (21.0.9+10) (build 21.0.9+10-LTS)
# Java VM: OpenJDK 64-Bit Server VM Temurin-21.0.9+10 (21.0.9+10-LTS, mixed mode, sharing, tiered, compressed oops, compressed class ptrs, g1 gc, windows-amd64)
GC Precious Log:
 CardTable entry size: 512
 Card Set container configuration: InlinePtr #cards 4 size 8 Array Of Cards #cards 16 size 48 Howl #buckets 8 coarsen threshold 3686 Howl Bitmap #cards 512 size 80 coarsen threshold 460 Card regions per heap region 1 cards per card region 4096
 CPUs: 6 total, 6 available
 Memory: 16165M
 Large Page Support: Disabled
 NUMA Support: Disabled
 Compressed Oops: Enabled (Zero based)
 Heap Region Size: 2M
 Heap Min Capacity: 8M
 Heap Initial Capacity: 254M
 Heap Max Capacity: 4042M
 Pre-touch: Disabled
 Parallel Workers: 6
 Concurrent Workers: 2
 Concurrent Refinement Workers: 6
 Periodic GC: Disabled
Heap:
 garbage-first heap   total 110592K, used 58326K [0x0000000703600000, 0x0000000800000000)
  region size 2048K, 15 young (30720K), 0 survivors (0K)
 Metaspace       used 80346K, committed 81088K, reserved 1179648K
  class space    used 11182K, committed 11520K, reserved 1048576K
GC Heap History (20 events):
Event: 4.240 GC heap before
{Heap before GC invocations=8 (full 0):
 garbage-first heap   total 55296K, used 22050K [0x0000000703600000, 0x0000000800000000)
  region size 2048K, 3 young (6144K), 1 survivors (2048K)
 Metaspace       used 35438K, committed 35968K, reserved 1114112K
  class space    used 4758K, committed 4992K, reserved 1048576K
}
Event: 4.242 GC heap after
{Heap after GC invocations=9 (full 0):
 garbage-first heap   total 55296K, used 20036K [0x0000000703600000, 0x0000000800000000)
  region size 2048K, 1 young (2048K), 1 survivors (2048K)
 Metaspace       used 35438K, committed 35968K, reserved 1114112K
  class space    used 4758K, committed 4992K, reserved 1048576K
}
Event: 5.264 GC heap before
{Heap before GC invocations=10 (full 0):
 garbage-first heap   total 55296K, used 44612K [0x0000000703600000, 0x0000000800000000)
  region size 2048K, 13 young (26624K), 1 survivors (2048K)
 Metaspace       used 45571K, committed 46144K, reserved 1114112K
  class space    used 6067K, committed 6336K, reserved 1048576K
}
Event: 5.267 GC heap after
{Heap after GC invocations=11 (full 0):
 garbage-first heap   total 55296K, used 22583K [0x0000000703600000, 0x0000000800000000)
  region size 2048K, 2 young (4096K), 2 survivors (4096K)
 Metaspace       used 45571K, committed 46144K, reserved 1114112K
  class space    used 6067K, committed 6336K, reserved 1048576K
}
Event: 5.714 GC heap before
{Heap before GC invocations=11 (full 0):
 garbage-first heap   total 55296K, used 45111K [0x0000000703600000, 0x0000000800000000)
  region size 2048K, 13 young (26624K), 2 survivors (4096K)
 Metaspace       used 50445K, committed 51008K, reserved 1114112K
  class space    used 6647K, committed 6912K, reserved 1048576K
}
Event: 5.718 GC heap after
{Heap after GC invocations=12 (full 0):
 garbage-first heap   total 55296K, used 24055K [0x0000000703600000, 0x0000000800000000)
  region size 2048K, 1 young (2048K), 1 survivors (2048K)
 Metaspace       used 50445K, committed 51008K, reserved 1114112K
  class space    used 6647K, committed 6912K, reserved 1048576K
}
Event: 6.167 GC heap before
{Heap before GC invocations=12 (full 0):
 garbage-first heap   total 55296K, used 46583K [0x0000000703600000, 0x0000000800000000)
  region size 2048K, 12 young (24576K), 1 survivors (2048K)
 Metaspace       used 56835K, committed 57408K, reserved 1114112K
  class space    used 7671K, committed 7936K, reserved 1048576K
}
Event: 6.169 GC heap after
{Heap after GC invocations=13 (full 0):
 garbage-first heap   total 55296K, used 24866K [0x0000000703600000, 0x0000000800000000)
  region size 2048K, 2 young (4096K), 2 survivors (4096K)
 Metaspace       used 56835K, committed 57408K, reserved 1114112K
  class space    used 7671K, committed 7936K, reserved 1048576K
}
Event: 6.348 GC heap before
{Heap before GC invocations=13 (full 0):
 garbage-first heap   total 55296K, used 33058K [0x0000000703600000, 0x0000000800000000)
  region size 2048K, 7 young (14336K), 2 survivors (4096K)
 Metaspace       used 59697K, committed 60288K, reserved 1114112K
  class space    used 8109K, committed 8384K, reserved 1048576K
}
Event: 6.351 GC heap after
{Heap after GC invocations=14 (full 0):
 garbage-first heap   total 55296K, used 25547K [0x0000000703600000, 0x0000000800000000)
  region size 2048K, 1 young (2048K), 1 survivors (2048K)
 Metaspace       used 59697K, committed 60288K, reserved 1114112K
  class space    used 8109K, committed 8384K, reserved 1048576K
}
Event: 6.969 GC heap before
{Heap before GC invocations=15 (full 0):
 garbage-first heap   total 55296K, used 46027K [0x0000000703600000, 0x0000000800000000)
  region size 2048K, 12 young (24576K), 1 survivors (2048K)
 Metaspace       used 63641K, committed 64384K, reserved 1114112K
  class space    used 8681K, committed 9024K, reserved 1048576K
}
Event: 6.972 GC heap after
{Heap after GC invocations=16 (full 0):
 garbage-first heap   total 55296K, used 27629K [0x0000000703600000, 0x0000000800000000)
  region size 2048K, 2 young (4096K), 2 survivors (4096K)
 Metaspace       used 63641K, committed 64384K, reserved 1114112K
  class space    used 8681K, committed 9024K, reserved 1048576K
}
Event: 7.186 GC heap before
{Heap before GC invocations=16 (full 0):
 garbage-first heap   total 55296K, used 46061K [0x0000000703600000, 0x0000000800000000)
  region size 2048K, 12 young (24576K), 2 survivors (4096K)
 Metaspace       used 65570K, committed 66304K, reserved 1114112K
  class space    used 9077K, committed 9408K, reserved 1048576K
}
Event: 7.190 GC heap after
{Heap after GC invocations=17 (full 0):
 garbage-first heap   total 57344K, used 28972K [0x0000000703600000, 0x0000000800000000)
  region size 2048K, 1 young (2048K), 1 survivors (2048K)
 Metaspace       used 65570K, committed 66304K, reserved 1114112K
  class space    used 9077K, committed 9408K, reserved 1048576K
}
Event: 7.347 GC heap before
{Heap before GC invocations=17 (full 0):
 garbage-first heap   total 57344K, used 49452K [0x0000000703600000, 0x0000000800000000)
  region size 2048K, 11 young (22528K), 1 survivors (2048K)
 Metaspace       used 67367K, committed 68096K, reserved 1114112K
  class space    used 9454K, committed 9792K, reserved 1048576K
}
Event: 7.350 GC heap after
{Heap after GC invocations=18 (full 0):
 garbage-first heap   total 159744K, used 29692K [0x0000000703600000, 0x0000000800000000)
  region size 2048K, 2 young (4096K), 2 survivors (4096K)
 Metaspace       used 67367K, committed 68096K, reserved 1114112K
  class space    used 9454K, committed 9792K, reserved 1048576K
}
Event: 50.977 GC heap before
{Heap before GC invocations=19 (full 0):
 garbage-first heap   total 110592K, used 89084K [0x0000000703600000, 0x0000000800000000)
  region size 2048K, 32 young (65536K), 2 survivors (4096K)
 Metaspace       used 75774K, committed 76544K, reserved 1179648K
  class space    used 10592K, committed 10944K, reserved 1048576K
}
Event: 50.984 GC heap after
{Heap after GC invocations=20 (full 0):
 garbage-first heap   total 110592K, used 33718K [0x0000000703600000, 0x0000000800000000)
  region size 2048K, 4 young (8192K), 4 survivors (8192K)
 Metaspace       used 75774K, committed 76544K, reserved 1179648K
  class space    used 10592K, committed 10944K, reserved 1048576K
}
Event: 83.284 GC heap before
{Heap before GC invocations=20 (full 0):
 garbage-first heap   total 110592K, used 54198K [0x0000000703600000, 0x0000000800000000)
  region size 2048K, 15 young (30720K), 4 survivors (8192K)
 Metaspace       used 80051K, committed 80832K, reserved 1179648K
  class space    used 11169K, committed 11520K, reserved 1048576K
}
Event: 83.367 GC heap after
{Heap after GC invocations=21 (full 1):
 garbage-first heap   total 110592K, used 29654K [0x0000000703600000, 0x0000000800000000)
  region size 2048K, 0 young (0K), 0 survivors (0K)
 Metaspace       used 80037K, committed 80832K, reserved 1179648K
  class space    used 11167K, committed 11520K, reserved 1048576K
}

