# JRE version: OpenJDK Runtime Environment Temurin-21.0.9+10 (21.0.9+10) (build 21.0.9+10-LTS)
# Java VM: OpenJDK 64-Bit Server VM Temurin-21.0.9+10 (21.0.9+10-LTS, mixed mode, sharing, tiered, compressed oops, compressed class ptrs, parallel gc, windows-amd64)
GC Precious Log:
 CardTable entry size: 512
 CPUs: 6 total, 6 available
 Memory: 16165M
 Large Page Support: Disabled
 NUMA Support: Disabled
 Compressed Oops: Enabled (32-bit)
 Alignments: Space 512K, Generation 512K, Heap 2M
 Heap Min Capacity: 100M
 Heap Initial Capacity: 100M
 Heap Max Capacity: 2G
 Pre-touch: Disabled
 Parallel Workers: 6
Heap:
 PSYoungGen      total 14848K, used 12949K [0x00000000d5580000, 0x00000000d6900000, 0x0000000100000000)
  eden space 13824K, 86% used [0x00000000d5580000,0x00000000d6129ce0,0x00000000d6300000)
  from space 1024K, 98% used [0x00000000d6380000,0x00000000d647b7a8,0x00000000d6480000)
  to   space 3072K, 0% used [0x00000000d6600000,0x00000000d6600000,0x00000000d6900000)
 ParOldGen       total 116224K, used 116216K [0x0000000080000000, 0x0000000087180000, 0x00000000d5580000)
  object space 116224K, 99% used [0x0000000080000000,0x000000008717e318,0x0000000087180000)
 Metaspace       used 72872K, committed 74624K, reserved 1179648K
  class space    used 7700K, committed 8384K, reserved 1048576K
GC Heap History (20 events):
Event: 15.556 GC heap before
{Heap before GC invocations=149 (full 3):
 PSYoungGen      total 15872K, used 15871K [0x00000000d5580000, 0x00000000d6900000, 0x0000000100000000)
  eden space 14848K, 100% used [0x00000000d5580000,0x00000000d6400000,0x00000000d6400000)
  from space 1024K, 99% used [0x00000000d6400000,0x00000000d64ffed0,0x00000000d6500000)
  to   space 2560K, 0% used [0x00000000d6680000,0x00000000d6680000,0x00000000d6900000)
 ParOldGen       total 105472K, used 105364K [0x0000000080000000, 0x0000000086700000, 0x00000000d5580000)
  object space 105472K, 99% used [0x0000000080000000,0x00000000866e51b8,0x0000000086700000)
 Metaspace       used 67142K, committed 68672K, reserved 1114112K
  class space    used 7070K, committed 7680K, reserved 1048576K
}
Event: 15.561 GC heap after
{Heap after GC invocations=149 (full 3):
 PSYoungGen      total 16384K, used 1248K [0x00000000d5580000, 0x00000000d6800000, 0x0000000100000000)
  eden space 14848K, 0% used [0x00000000d5580000,0x00000000d5580000,0x00000000d6400000)
  from space 1536K, 81% used [0x00000000d6680000,0x00000000d67b8000,0x00000000d6800000)
  to   space 1536K, 0% used [0x00000000d6500000,0x00000000d6500000,0x00000000d6680000)
 ParOldGen       total 106496K, used 106448K [0x0000000080000000, 0x0000000086800000, 0x00000000d5580000)
  object space 106496K, 99% used [0x0000000080000000,0x00000000867f43e0,0x0000000086800000)
 Metaspace       used 67142K, committed 68672K, reserved 1114112K
  class space    used 7070K, committed 7680K, reserved 1048576K
}
Event: 15.729 GC heap before
{Heap before GC invocations=150 (full 3):
 PSYoungGen      total 16384K, used 16096K [0x00000000d5580000, 0x00000000d6800000, 0x0000000100000000)
  eden space 14848K, 100% used [0x00000000d5580000,0x00000000d6400000,0x00000000d6400000)
  from space 1536K, 81% used [0x00000000d6680000,0x00000000d67b8000,0x00000000d6800000)
  to   space 1536K, 0% used [0x00000000d6500000,0x00000000d6500000,0x00000000d6680000)
 ParOldGen       total 106496K, used 106448K [0x0000000080000000, 0x0000000086800000, 0x00000000d5580000)
  object space 106496K, 99% used [0x0000000080000000,0x00000000867f43e0,0x0000000086800000)
 Metaspace       used 67604K, committed 69120K, reserved 1114112K
  class space    used 7106K, committed 7744K, reserved 1048576K
}
Event: 15.733 GC heap after
{Heap after GC invocations=150 (full 3):
 PSYoungGen      total 16384K, used 1379K [0x00000000d5580000, 0x00000000d6700000, 0x0000000100000000)
  eden space 14848K, 0% used [0x00000000d5580000,0x00000000d5580000,0x00000000d6400000)
  from space 1536K, 89% used [0x00000000d6500000,0x00000000d6658c78,0x00000000d6680000)
  to   space 512K, 0% used [0x00000000d6680000,0x00000000d6680000,0x00000000d6700000)
 ParOldGen       total 108032K, used 107535K [0x0000000080000000, 0x0000000086980000, 0x00000000d5580000)
  object space 108032K, 99% used [0x0000000080000000,0x0000000086903f60,0x0000000086980000)
 Metaspace       used 67604K, committed 69120K, reserved 1114112K
  class space    used 7106K, committed 7744K, reserved 1048576K
}
Event: 16.423 GC heap before
{Heap before GC invocations=151 (full 3):
 PSYoungGen      total 16384K, used 16227K [0x00000000d5580000, 0x00000000d6700000, 0x0000000100000000)
  eden space 14848K, 100% used [0x00000000d5580000,0x00000000d6400000,0x00000000d6400000)
  from space 1536K, 89% used [0x00000000d6500000,0x00000000d6658c78,0x00000000d6680000)
  to   space 512K, 0% used [0x00000000d6680000,0x00000000d6680000,0x00000000d6700000)
 ParOldGen       total 108032K, used 107535K [0x0000000080000000, 0x0000000086980000, 0x00000000d5580000)
  object space 108032K, 99% used [0x0000000080000000,0x0000000086903f60,0x0000000086980000)
 Metaspace       used 68564K, committed 70080K, reserved 1114112K
  class space    used 7174K, committed 7808K, reserved 1048576K
}
Event: 16.426 GC heap after
{Heap after GC invocations=151 (full 3):
 PSYoungGen      total 14336K, used 480K [0x00000000d5580000, 0x00000000d6b00000, 0x0000000100000000)
  eden space 13824K, 0% used [0x00000000d5580000,0x00000000d5580000,0x00000000d6300000)
  from space 512K, 93% used [0x00000000d6680000,0x00000000d66f8020,0x00000000d6700000)
  to   space 3584K, 0% used [0x00000000d6300000,0x00000000d6300000,0x00000000d6680000)
 ParOldGen       total 110080K, used 110019K [0x0000000080000000, 0x0000000086b80000, 0x00000000d5580000)
  object space 110080K, 99% used [0x0000000080000000,0x0000000086b70eb0,0x0000000086b80000)
 Metaspace       used 68564K, committed 70080K, reserved 1114112K
  class space    used 7174K, committed 7808K, reserved 1048576K
}
Event: 16.879 GC heap before
{Heap before GC invocations=152 (full 3):
 PSYoungGen      total 14336K, used 14304K [0x00000000d5580000, 0x00000000d6b00000, 0x0000000100000000)
  eden space 13824K, 100% used [0x00000000d5580000,0x00000000d6300000,0x00000000d6300000)
  from space 512K, 93% used [0x00000000d6680000,0x00000000d66f8020,0x00000000d6700000)
  to   space 3584K, 0% used [0x00000000d6300000,0x00000000d6300000,0x00000000d6680000)
 ParOldGen       total 110080K, used 110019K [0x0000000080000000, 0x0000000086b80000, 0x00000000d5580000)
  object space 110080K, 99% used [0x0000000080000000,0x0000000086b70eb0,0x0000000086b80000)
 Metaspace       used 69503K, committed 71104K, reserved 1114112K
  class space    used 7256K, committed 7936K, reserved 1048576K
}
Event: 16.881 GC heap after
{Heap after GC invocations=152 (full 3):
 PSYoungGen      total 15872K, used 1557K [0x00000000d5580000, 0x00000000d6800000, 0x0000000100000000)
  eden space 13824K, 0% used [0x00000000d5580000,0x00000000d5580000,0x00000000d6300000)
  from space 2048K, 76% used [0x00000000d6300000,0x00000000d64857d8,0x00000000d6500000)
  to   space 2560K, 0% used [0x00000000d6580000,0x00000000d6580000,0x00000000d6800000)
 ParOldGen       total 110592K, used 110516K [0x0000000080000000, 0x0000000086c00000, 0x00000000d5580000)
  object space 110592K, 99% used [0x0000000080000000,0x0000000086bed360,0x0000000086c00000)
 Metaspace       used 69503K, committed 71104K, reserved 1114112K
  class space    used 7256K, committed 7936K, reserved 1048576K
}
Event: 17.134 GC heap before
{Heap before GC invocations=153 (full 3):
 PSYoungGen      total 15872K, used 15381K [0x00000000d5580000, 0x00000000d6800000, 0x0000000100000000)
  eden space 13824K, 100% used [0x00000000d5580000,0x00000000d6300000,0x00000000d6300000)
  from space 2048K, 76% used [0x00000000d6300000,0x00000000d64857d8,0x00000000d6500000)
  to   space 2560K, 0% used [0x00000000d6580000,0x00000000d6580000,0x00000000d6800000)
 ParOldGen       total 110592K, used 110516K [0x0000000080000000, 0x0000000086c00000, 0x00000000d5580000)
  object space 110592K, 99% used [0x0000000080000000,0x0000000086bed360,0x0000000086c00000)
 Metaspace       used 70468K, committed 72064K, reserved 1114112K
  class space    used 7373K, committed 8064K, reserved 1048576K
}
Event: 17.137 GC heap after
{Heap after GC invocations=153 (full 3):
 PSYoungGen      total 15360K, used 1220K [0x00000000d5580000, 0x00000000d6700000, 0x0000000100000000)
  eden space 13824K, 0% used [0x00000000d5580000,0x00000000d5580000,0x00000000d6300000)
  from space 1536K, 79% used [0x00000000d6580000,0x00000000d66b1230,0x00000000d6700000)
  to   space 1536K, 0% used [0x00000000d6400000,0x00000000d6400000,0x00000000d6580000)
 ParOldGen       total 112128K, used 111910K [0x0000000080000000, 0x0000000086d80000, 0x00000000d5580000)
  object space 112128K, 99% used [0x0000000080000000,0x0000000086d49930,0x0000000086d80000)
 Metaspace       used 70468K, committed 72064K, reserved 1114112K
  class space    used 7373K, committed 8064K, reserved 1048576K
}
Event: 17.348 GC heap before
{Heap before GC invocations=154 (full 3):
 PSYoungGen      total 15360K, used 15044K [0x00000000d5580000, 0x00000000d6700000, 0x0000000100000000)
  eden space 13824K, 100% used [0x00000000d5580000,0x00000000d6300000,0x00000000d6300000)
  from space 1536K, 79% used [0x00000000d6580000,0x00000000d66b1230,0x00000000d6700000)
  to   space 1536K, 0% used [0x00000000d6400000,0x00000000d6400000,0x00000000d6580000)
 ParOldGen       total 112128K, used 111910K [0x0000000080000000, 0x0000000086d80000, 0x00000000d5580000)
  object space 112128K, 99% used [0x0000000080000000,0x0000000086d49930,0x0000000086d80000)
 Metaspace       used 71130K, committed 72704K, reserved 1114112K
  class space    used 7512K, committed 8192K, reserved 1048576K
}
Event: 17.350 GC heap after
{Heap after GC invocations=154 (full 3):
 PSYoungGen      total 14848K, used 820K [0x00000000d5580000, 0x00000000d6600000, 0x0000000100000000)
  eden space 13824K, 0% used [0x00000000d5580000,0x00000000d5580000,0x00000000d6300000)
  from space 1024K, 80% used [0x00000000d6400000,0x00000000d64cd200,0x00000000d6500000)
  to   space 1024K, 0% used [0x00000000d6500000,0x00000000d6500000,0x00000000d6600000)
 ParOldGen       total 113152K, used 112912K [0x0000000080000000, 0x0000000086e80000, 0x00000000d5580000)
  object space 113152K, 99% used [0x0000000080000000,0x0000000086e442f0,0x0000000086e80000)
 Metaspace       used 71130K, committed 72704K, reserved 1114112K
  class space    used 7512K, committed 8192K, reserved 1048576K
}
Event: 17.498 GC heap before
{Heap before GC invocations=155 (full 3):
 PSYoungGen      total 14848K, used 14644K [0x00000000d5580000, 0x00000000d6600000, 0x0000000100000000)
  eden space 13824K, 100% used [0x00000000d5580000,0x00000000d6300000,0x00000000d6300000)
  from space 1024K, 80% used [0x00000000d6400000,0x00000000d64cd200,0x00000000d6500000)
  to   space 1024K, 0% used [0x00000000d6500000,0x00000000d6500000,0x00000000d6600000)
 ParOldGen       total 113152K, used 112912K [0x0000000080000000, 0x0000000086e80000, 0x00000000d5580000)
  object space 113152K, 99% used [0x0000000080000000,0x0000000086e442f0,0x0000000086e80000)
 Metaspace       used 71344K, committed 72896K, reserved 1114112K
  class space    used 7524K, committed 8192K, reserved 1048576K
}
Event: 17.504 GC heap after
{Heap after GC invocations=155 (full 3):
 PSYoungGen      total 14336K, used 456K [0x00000000d5580000, 0x00000000d6580000, 0x0000000100000000)
  eden space 13824K, 0% used [0x00000000d5580000,0x00000000d5580000,0x00000000d6300000)
  from space 512K, 89% used [0x00000000d6500000,0x00000000d6572128,0x00000000d6580000)
  to   space 1024K, 0% used [0x00000000d6380000,0x00000000d6380000,0x00000000d6480000)
 ParOldGen       total 113664K, used 113505K [0x0000000080000000, 0x0000000086f00000, 0x00000000d5580000)
  object space 113664K, 99% used [0x0000000080000000,0x0000000086ed8640,0x0000000086f00000)
 Metaspace       used 71344K, committed 72896K, reserved 1114112K
  class space    used 7524K, committed 8192K, reserved 1048576K
}
Event: 29.528 GC heap before
{Heap before GC invocations=156 (full 3):
 PSYoungGen      total 14336K, used 14280K [0x00000000d5580000, 0x00000000d6580000, 0x0000000100000000)
  eden space 13824K, 100% used [0x00000000d5580000,0x00000000d6300000,0x00000000d6300000)
  from space 512K, 89% used [0x00000000d6500000,0x00000000d6572128,0x00000000d6580000)
  to   space 1024K, 0% used [0x00000000d6380000,0x00000000d6380000,0x00000000d6480000)
 ParOldGen       total 113664K, used 113505K [0x0000000080000000, 0x0000000086f00000, 0x00000000d5580000)
  object space 113664K, 99% used [0x0000000080000000,0x0000000086ed8640,0x0000000086f00000)
 Metaspace       used 72024K, committed 73600K, reserved 1179648K
  class space    used 7604K, committed 8256K, reserved 1048576K
}
Event: 29.529 GC heap after
{Heap after GC invocations=156 (full 3):
 PSYoungGen      total 14848K, used 1024K [0x00000000d5580000, 0x00000000d6700000, 0x0000000100000000)
  eden space 13824K, 0% used [0x00000000d5580000,0x00000000d5580000,0x00000000d6300000)
  from space 1024K, 100% used [0x00000000d6380000,0x00000000d6480000,0x00000000d6480000)
  to   space 2048K, 0% used [0x00000000d6500000,0x00000000d6500000,0x00000000d6700000)
 ParOldGen       total 114176K, used 113862K [0x0000000080000000, 0x0000000086f80000, 0x00000000d5580000)
  object space 114176K, 99% used [0x0000000080000000,0x0000000086f318b0,0x0000000086f80000)
 Metaspace       used 72024K, committed 73600K, reserved 1179648K
  class space    used 7604K, committed 8256K, reserved 1048576K
}
Event: 36.833 GC heap before
{Heap before GC invocations=157 (full 3):
 PSYoungGen      total 14848K, used 14848K [0x00000000d5580000, 0x00000000d6700000, 0x0000000100000000)
  eden space 13824K, 100% used [0x00000000d5580000,0x00000000d6300000,0x00000000d6300000)
  from space 1024K, 100% used [0x00000000d6380000,0x00000000d6480000,0x00000000d6480000)
  to   space 2048K, 0% used [0x00000000d6500000,0x00000000d6500000,0x00000000d6700000)
 ParOldGen       total 114176K, used 113862K [0x0000000080000000, 0x0000000086f80000, 0x00000000d5580000)
  object space 114176K, 99% used [0x0000000080000000,0x0000000086f318b0,0x0000000086f80000)
 Metaspace       used 72345K, committed 73920K, reserved 1179648K
  class space    used 7618K, committed 8256K, reserved 1048576K
}
Event: 36.838 GC heap after
{Heap after GC invocations=157 (full 3):
 PSYoungGen      total 14848K, used 634K [0x00000000d5580000, 0x00000000d6600000, 0x0000000100000000)
  eden space 13824K, 0% used [0x00000000d5580000,0x00000000d5580000,0x00000000d6300000)
  from space 1024K, 61% used [0x00000000d6500000,0x00000000d659e900,0x00000000d6600000)
  to   space 1024K, 0% used [0x00000000d6380000,0x00000000d6380000,0x00000000d6480000)
 ParOldGen       total 115200K, used 114814K [0x0000000080000000, 0x0000000087080000, 0x00000000d5580000)
  object space 115200K, 99% used [0x0000000080000000,0x000000008701f8c0,0x0000000087080000)
 Metaspace       used 72345K, committed 73920K, reserved 1179648K
  class space    used 7618K, committed 8256K, reserved 1048576K
}
Event: 37.008 GC heap before
{Heap before GC invocations=158 (full 3):
 PSYoungGen      total 14848K, used 13876K [0x00000000d5580000, 0x00000000d6600000, 0x0000000100000000)
  eden space 13824K, 95% used [0x00000000d5580000,0x00000000d626e8a0,0x00000000d6300000)
  from space 1024K, 61% used [0x00000000d6500000,0x00000000d659e900,0x00000000d6600000)
  to   space 1024K, 0% used [0x00000000d6380000,0x00000000d6380000,0x00000000d6480000)
 ParOldGen       total 115200K, used 114814K [0x0000000080000000, 0x0000000087080000, 0x00000000d5580000)
  object space 115200K, 99% used [0x0000000080000000,0x000000008701f8c0,0x0000000087080000)
 Metaspace       used 72771K, committed 74368K, reserved 1179648K
  class space    used 7679K, committed 8320K, reserved 1048576K
}
Event: 37.012 GC heap after
{Heap after GC invocations=158 (full 3):
 PSYoungGen      total 14848K, used 1005K [0x00000000d5580000, 0x00000000d6900000, 0x0000000100000000)
  eden space 13824K, 0% used [0x00000000d5580000,0x00000000d5580000,0x00000000d6300000)
  from space 1024K, 98% used [0x00000000d6380000,0x00000000d647b7a8,0x00000000d6480000)
  to   space 3072K, 0% used [0x00000000d6600000,0x00000000d6600000,0x00000000d6900000)
 ParOldGen       total 116224K, used 116216K [0x0000000080000000, 0x0000000087180000, 0x00000000d5580000)
  object space 116224K, 99% used [0x0000000080000000,0x000000008717e318,0x0000000087180000)
 Metaspace       used 72771K, committed 74368K, reserved 1179648K
  class space    used 7679K, committed 8320K, reserved 1048576K
}

